<?xml version="1.0" encoding="UTF-8"?>
<!-- Generated by org.testng.reporters.JUnitXMLReporter -->
<testsuite ignored="6" hostname="DESKTOP-RHS4C2M" failures="0" tests="3" name="Regression Test" time="0.348" errors="0" timestamp="2022-09-25T23:47:57 IST">
  <testcase classname="GroupingPractice.Testcase1" name="m3" time="0.057"/>
  <testcase classname="GroupingPractice.Testcase2" name="m3" time="0.006"/>
  <testcase classname="GroupingPractice.Testcase3" name="m9" time="0.006"/>
  <testcase classname="GroupingPractice.Testcase1" name="m2" time="0.0">
    <ignored/>
  </testcase> <!-- m2 -->
  <testcase classname="GroupingPractice.Testcase3" name="m8" time="0.0">
    <ignored/>
  </testcase> <!-- m8 -->
  <testcase classname="GroupingPractice.Testcase1" name="m1" time="0.0">
    <ignored/>
  </testcase> <!-- m1 -->
  <testcase classname="GroupingPractice.Testcase3" name="m7" time="0.0">
    <ignored/>
  </testcase> <!-- m7 -->
  <testcase classname="GroupingPractice.Testcase2" name="m1" time="0.0">
    <ignored/>
  </testcase> <!-- m1 -->
  <testcase classname="GroupingPractice.Testcase2" name="m2" time="0.0">
    <ignored/>
  </testcase> <!-- m2 -->
</testsuite> <!-- Regression Test -->
