<?xml version="1.0" encoding="UTF-8"?>
<!-- Generated by org.testng.reporters.JUnitXMLReporter -->
<testsuite ignored="0" hostname="DESKTOP-RHS4C2M" failures="0" tests="2" name="Test" time="29.322" errors="0" timestamp="2022-10-02T23:26:03 IST">
  <testcase classname="pomWithPagefactoryPractice.loginTest" name="FacebookLoginPageTest" time="6.635"/>
  <testcase classname="pomWithPagefactoryPractice.RegistrationTest" name="FacebookRegistrationPageTest_Positive" time="8.438"/>
</testsuite> <!-- Test -->
