<?xml version="1.0" encoding="UTF-8"?>
<!-- Generated by org.testng.reporters.JUnitXMLReporter -->
<testsuite ignored="6" hostname="DESKTOP-RHS4C2M" failures="0" tests="3" name="Smoke Test" time="0.363" errors="0" timestamp="2022-09-25T23:38:40 IST">
  <testcase classname="GroupingPractice.Testcase1" name="m1" time="0.041"/>
  <testcase classname="GroupingPractice.Testcase2" name="m1" time="0.011"/>
  <testcase classname="GroupingPractice.Testcase3" name="m7" time="0.01"/>
  <testcase classname="GroupingPractice.Testcase1" name="m3" time="0.0">
    <ignored/>
  </testcase> <!-- m3 -->
  <testcase classname="GroupingPractice.Testcase1" name="m2" time="0.0">
    <ignored/>
  </testcase> <!-- m2 -->
  <testcase classname="GroupingPractice.Testcase3" name="m8" time="0.0">
    <ignored/>
  </testcase> <!-- m8 -->
  <testcase classname="GroupingPractice.Testcase3" name="m9" time="0.0">
    <ignored/>
  </testcase> <!-- m9 -->
  <testcase classname="GroupingPractice.Testcase2" name="m2" time="0.0">
    <ignored/>
  </testcase> <!-- m2 -->
  <testcase classname="GroupingPractice.Testcase2" name="m3" time="0.0">
    <ignored/>
  </testcase> <!-- m3 -->
</testsuite> <!-- Smoke Test -->
