<?xml version="1.0" encoding="UTF-8"?>
<!-- Generated by org.testng.reporters.JUnitXMLReporter -->
<testsuite ignored="0" hostname="DESKTOP-RHS4C2M" failures="0" tests="9" name="EndToEnd Test" time="1.079" errors="0" timestamp="2022-09-25T23:54:57 IST">
  <testcase classname="GroupingPractice.Testcase1" name="m1" time="0.016"/>
  <testcase classname="GroupingPractice.Testcase1" name="m2" time="0.011"/>
  <testcase classname="GroupingPractice.Testcase1" name="m3" time="0.008"/>
  <testcase classname="GroupingPractice.Testcase2" name="m1" time="0.009"/>
  <testcase classname="GroupingPractice.Testcase2" name="m2" time="0.01"/>
  <testcase classname="GroupingPractice.Testcase2" name="m3" time="0.008"/>
  <testcase classname="GroupingPractice.Testcase3" name="m7" time="0.047"/>
  <testcase classname="GroupingPractice.Testcase3" name="m8" time="0.015"/>
  <testcase classname="GroupingPractice.Testcase3" name="m9" time="0.016"/>
</testsuite> <!-- EndToEnd Test -->
