<?xml version="1.0" encoding="UTF-8"?>
<testng-results ignored="0" total="2" passed="2" failed="0" skipped="0">
  <reporter-output>
    <line>
      <![CDATA[verifyfacebookloginpageLogo]]>
    </line>
    <line>
      <![CDATA[verifyfacebookloginpageTagline]]>
    </line>
    <line>
      <![CDATA[verifyfacebookloginpageforgotpasswordlink]]>
    </line>
    <line>
      <![CDATA[verifyfacebookloginpageCreateNewAccount]]>
    </line>
    <line>
      <![CDATA[setfacebookloginpageUsername]]>
    </line>
    <line>
      <![CDATA[setfacebookloginpagePassword]]>
    </line>
    <line>
      <![CDATA[clickfacebookloginpageloginbtn]]>
    </line>
    <line>
      <![CDATA[verifyFacebookLoginPageFooterLinkSize]]>
    </line>
  </reporter-output>
  <suite started-at="2022-10-02T23:25:34 IST" name="Suite" finished-at="2022-10-02T23:26:03 IST" duration-ms="29322">
    <groups>
    </groups>
    <test started-at="2022-10-02T23:25:34 IST" name="Test" finished-at="2022-10-02T23:26:03 IST" duration-ms="29322">
      <class name="pomWithPagefactoryPractice.RegistrationTest">
        <test-method is-config="true" signature="setup()[pri:0, instance:pomWithPagefactoryPractice.RegistrationTest@a2431d0]" started-at="2022-10-02T23:25:50 IST" name="setup" finished-at="2022-10-02T23:25:55 IST" duration-ms="5326" status="PASS">
          <reporter-output>
          </reporter-output>
        </test-method> <!-- setup -->
        <test-method signature="FacebookRegistrationPageTest_Positive()[pri:0, instance:pomWithPagefactoryPractice.RegistrationTest@a2431d0]" started-at="2022-10-02T23:25:55 IST" name="FacebookRegistrationPageTest_Positive" finished-at="2022-10-02T23:26:03 IST" duration-ms="8438" status="PASS">
          <reporter-output>
          </reporter-output>
        </test-method> <!-- FacebookRegistrationPageTest_Positive -->
        <test-method is-config="true" signature="teardown()[pri:0, instance:pomWithPagefactoryPractice.RegistrationTest@a2431d0]" started-at="2022-10-02T23:26:03 IST" name="teardown" finished-at="2022-10-02T23:26:03 IST" duration-ms="0" status="PASS">
          <reporter-output>
          </reporter-output>
        </test-method> <!-- teardown -->
      </class> <!-- pomWithPagefactoryPractice.RegistrationTest -->
      <class name="pomWithPagefactoryPractice.loginTest">
        <test-method is-config="true" signature="setup()[pri:0, instance:pomWithPagefactoryPractice.loginTest@6631f5ca]" started-at="2022-10-02T23:25:34 IST" name="setup" finished-at="2022-10-02T23:25:40 IST" duration-ms="6266" status="PASS">
          <reporter-output>
          </reporter-output>
        </test-method> <!-- setup -->
        <test-method signature="FacebookLoginPageTest()[pri:0, instance:pomWithPagefactoryPractice.loginTest@6631f5ca]" started-at="2022-10-02T23:25:40 IST" name="FacebookLoginPageTest" finished-at="2022-10-02T23:25:47 IST" duration-ms="6635" status="PASS">
          <reporter-output>
            <line>
              <![CDATA[verifyfacebookloginpageLogo]]>
            </line>
            <line>
              <![CDATA[verifyfacebookloginpageTagline]]>
            </line>
            <line>
              <![CDATA[verifyfacebookloginpageforgotpasswordlink]]>
            </line>
            <line>
              <![CDATA[verifyfacebookloginpageCreateNewAccount]]>
            </line>
            <line>
              <![CDATA[setfacebookloginpageUsername]]>
            </line>
            <line>
              <![CDATA[setfacebookloginpagePassword]]>
            </line>
            <line>
              <![CDATA[clickfacebookloginpageloginbtn]]>
            </line>
            <line>
              <![CDATA[verifyFacebookLoginPageFooterLinkSize]]>
            </line>
          </reporter-output>
        </test-method> <!-- FacebookLoginPageTest -->
        <test-method is-config="true" signature="teardown()[pri:0, instance:pomWithPagefactoryPractice.loginTest@6631f5ca]" started-at="2022-10-02T23:25:47 IST" name="teardown" finished-at="2022-10-02T23:25:50 IST" duration-ms="2582" status="PASS">
          <reporter-output>
          </reporter-output>
        </test-method> <!-- teardown -->
      </class> <!-- pomWithPagefactoryPractice.loginTest -->
    </test> <!-- Test -->
  </suite> <!-- Suite -->
</testng-results>
